[2026-03-20 20:38:27] root: INFO: Starting Flye 2.9.6-b1802
[2026-03-20 20:38:27] root: DEBUG: Cmd: /arf/home/ecil/miniconda3/envs/giardia_env/bin/flye --nano-raw ../raw_data/SRR25944771.fastq --genome-size 12m --out-dir results/flye_assembly --threads 4
[2026-03-20 20:38:27] root: DEBUG: Python version: 3.10.20 | packaged by conda-forge | (main, Mar  5 2026, 16:42:22) [GCC 14.3.0]
[2026-03-20 20:38:27] root: INFO: >>>STAGE: configure
[2026-03-20 20:38:27] root: INFO: Configuring run
[2026-03-20 20:38:36] root: INFO: Total read length: 2238607998
[2026-03-20 20:38:36] root: INFO: Input genome size: 12000000
[2026-03-20 20:38:36] root: INFO: Estimated coverage: 186
[2026-03-20 20:38:36] root: INFO: Reads N50/N90: 14263 / 3257
[2026-03-20 20:38:36] root: INFO: Minimum overlap set to 3000
[2026-03-20 20:38:36] root: INFO: >>>STAGE: assembly
[2026-03-20 20:38:36] root: INFO: Assembling disjointigs
[2026-03-20 20:38:36] root: DEBUG: -----Begin assembly log------
[2026-03-20 20:38:36] root: DEBUG: Running: flye-modules assemble --reads /arf/scratch/ecil/MyGenome-Giardiabeaver/raw_data/SRR25944771.fastq --out-asm /arf/scratch/ecil/MyGenome-Giardiabeaver/my_analysis/results/flye_assembly/00-assembly/draft_assembly.fasta --config /arf/home/ecil/miniconda3/envs/giardia_env/lib/python3.10/site-packages/flye/config/bin_cfg/asm_raw_reads.cfg --log /arf/scratch/ecil/MyGenome-Giardiabeaver/my_analysis/results/flye_assembly/flye.log --threads 4 --genome-size 12000000 --min-ovlp 3000
[2026-03-20 20:38:36] DEBUG: Build date: May  4 2025 23:20:28
[2026-03-20 20:38:36] DEBUG: Total RAM: 376 Gb
[2026-03-20 20:38:36] DEBUG: Available RAM: 372 Gb
[2026-03-20 20:38:36] DEBUG: Total CPUs: 40
[2026-03-20 20:38:36] DEBUG: Loading /arf/home/ecil/miniconda3/envs/giardia_env/lib/python3.10/site-packages/flye/config/bin_cfg/asm_raw_reads.cfg
[2026-03-20 20:38:36] DEBUG: Loading /arf/home/ecil/miniconda3/envs/giardia_env/lib/python3.10/site-packages/flye/config/bin_cfg/asm_defaults.cfg
[2026-03-20 20:38:36] DEBUG: 	big_genome_threshold=29000000
[2026-03-20 20:38:36] DEBUG: 	meta_read_filter_kmer_freq=100
[2026-03-20 20:38:36] DEBUG: 	chain_large_gap_penalty=2
[2026-03-20 20:38:36] DEBUG: 	chain_small_gap_penalty=0.5
[2026-03-20 20:38:36] DEBUG: 	chain_gap_jump_threshold=100
[2026-03-20 20:38:36] DEBUG: 	max_jump_gap=500
[2026-03-20 20:38:36] DEBUG: 	max_coverage_drop_rate=5
[2026-03-20 20:38:36] DEBUG: 	max_extensions_drop_rate=5
[2026-03-20 20:38:36] DEBUG: 	chimera_window=100
[2026-03-20 20:38:36] DEBUG: 	chimera_overhang=1000
[2026-03-20 20:38:36] DEBUG: 	min_reads_in_disjointig=4
[2026-03-20 20:38:36] DEBUG: 	max_inner_reads=10
[2026-03-20 20:38:36] DEBUG: 	max_inner_fraction=0.25
[2026-03-20 20:38:36] DEBUG: 	aggressive_dup_filter=1
[2026-03-20 20:38:36] DEBUG: 	max_separation=500
[2026-03-20 20:38:36] DEBUG: 	unique_edge_length=50000
[2026-03-20 20:38:36] DEBUG: 	min_repeat_res_support=0.51
[2026-03-20 20:38:36] DEBUG: 	out_paths_ratio=5
[2026-03-20 20:38:36] DEBUG: 	graph_cov_drop_rate=5
[2026-03-20 20:38:36] DEBUG: 	coverage_estimate_window=100
[2026-03-20 20:38:36] DEBUG: 	max_bubble_length=50000
[2026-03-20 20:38:36] DEBUG: 	loop_coverage_rate=1.5
[2026-03-20 20:38:36] DEBUG: 	repeat_edge_cov_mult=1.75
[2026-03-20 20:38:36] DEBUG: 	weak_detach_rate=5
[2026-03-20 20:38:36] DEBUG: 	tip_coverage_rate=2
[2026-03-20 20:38:36] DEBUG: 	tip_length_rate=2
[2026-03-20 20:38:36] DEBUG: 	output_gfa_before_rr=1
[2026-03-20 20:38:36] DEBUG: 	remove_alt_edges=0
[2026-03-20 20:38:36] DEBUG: 	low_cutoff_warning=1
[2026-03-20 20:38:36] DEBUG: 	kmer_size=17
[2026-03-20 20:38:36] DEBUG: 	use_minimizers=0
[2026-03-20 20:38:36] DEBUG: 	reads_base_alignment=0
[2026-03-20 20:38:36] DEBUG: 	meta_read_top_kmer_rate=0.40
[2026-03-20 20:38:36] DEBUG: 	maximum_jump=1500
[2026-03-20 20:38:36] DEBUG: 	maximum_overhang=1500
[2026-03-20 20:38:36] DEBUG: 	repeat_kmer_rate=100
[2026-03-20 20:38:36] DEBUG: 	assemble_ovlp_divergence=0.10
[2026-03-20 20:38:36] DEBUG: 	assemble_divergence_relative=1
[2026-03-20 20:38:36] DEBUG: 	repeat_graph_ovlp_divergence=0.08
[2026-03-20 20:38:36] DEBUG: 	read_align_ovlp_divergence=0.25
[2026-03-20 20:38:36] DEBUG: 	hpc_scoring_on=0
[2026-03-20 20:38:36] DEBUG: 	add_unassembled_reads=0
[2026-03-20 20:38:36] DEBUG: 	extend_contigs_with_repeats=0
[2026-03-20 20:38:36] DEBUG: 	min_read_cov_cutoff=3
[2026-03-20 20:38:36] DEBUG: 	short_tip_length=20000
[2026-03-20 20:38:36] DEBUG: 	long_tip_length=100000
[2026-03-20 20:38:36] DEBUG: Running with k-mer size: 17
[2026-03-20 20:38:36] DEBUG: Running with minimum overlap 3000
[2026-03-20 20:38:36] DEBUG: Metagenome mode: N
[2026-03-20 20:38:36] DEBUG: Short mode: N
[2026-03-20 20:38:36] INFO: Reading sequences
[2026-03-20 20:38:42] DEBUG: Building positional index
[2026-03-20 20:38:42] DEBUG: Total sequence: 2037779061 bp
[2026-03-20 20:38:44] INFO: Counting k-mers:
[2026-03-20 20:40:20] DEBUG: Updating k-mer histogram
[2026-03-20 20:41:43] DEBUG: Hash size: 9995392
[2026-03-20 20:41:43] DEBUG: Total k-mers 1288018989
[2026-03-20 20:41:44] INFO: Filling index table (1/2)
[2026-03-20 20:45:18] DEBUG: Mean k-mer frequency: 4.55113
[2026-03-20 20:45:18] DEBUG: Repetitive k-mer frequency: 455
[2026-03-20 20:45:18] DEBUG: Filtered 13279451 repetitive k-mers (0.0165459)
[2026-03-20 20:45:21] INFO: Filling index table (2/2)
[2026-03-20 20:48:56] DEBUG: Sorting k-mer index
[2026-03-20 20:49:04] DEBUG: Selected k-mers: 242300298
[2026-03-20 20:49:04] DEBUG: Index size: 855227503
[2026-03-20 20:49:04] DEBUG: Mean k-mer index frequency: 3.52962
[2026-03-20 20:49:04] DEBUG: Peak RAM usage: 20 Gb
[2026-03-20 20:49:04] DEBUG: Estimating k-mer identity bias
[2026-03-20 20:49:09] DEBUG: Initial divergence estimate : 0.188442
[2026-03-20 20:49:09] DEBUG: Relative threshold: Y
[2026-03-20 20:49:09] DEBUG: Max divergence threshold set to 0.288442
[2026-03-20 20:49:09] INFO: Extending reads
[2026-03-20 20:49:09] DEBUG: Estimating overlap coverage
[2026-03-20 20:49:29] INFO: Overlap-based coverage: 89
[2026-03-20 20:49:29] INFO: Median overlap divergence: 0.187686
[2026-03-20 20:49:29] DEBUG: Sequence divergence distribution: 

    |                                  **     *               |                                          
    |                               ******    *               |                                          
    |                               ******    *               |                                          
    |                               ******    *               |                                          
    |                               ******    *               |                                          
    |                               ******* ***               |                                          
    |                              ************               |                                          
    |                              ************               |                                          
    |                              ************               |                                          
    |                              ************ *             |                                          
    |                            * ************ *             |                                          
    |                            * **************  * *        |                                          
    |                          * ******************* *        |                                          
    |                          * ******************* *  *     |                                          
    |                          **************************     |                                          
    |                          **************************     |                                          
    |                          **************************     |*                                         
    |                       * ******************************* |*  *                                      
    |                       ************************************ **   *                                  
    |                    **************************************************  * * *                       
    ----------------------------------------------------------------------------------------------------
    0%        5%        10%       15%       20%       25%       30%       35%       40%       45%       

    Q25 = 0.16, Q50 = 0.19, Q75 = 0.22

[2026-03-20 20:49:55] DEBUG: Assembled disjointig 1
	With 268 reads
	Start read: +SRR25944771.233426
	At position: 227
	leftTip: 0 rightTip: 0
	Suspicious: 0
	Short ext: 0
	Mean extensions: 86
	Avg overlap len: 25732
	Min overlap len: 3365
	Inner reads: 0
	Length: 1568225
[2026-03-20 20:49:55] DEBUG: Inner: 31586 covered: 33398 total: 362996
[2026-03-20 20:49:57] DEBUG: Assembled disjointig 2
	With 304 reads
	Start read: +SRR25944771.35043
	At position: 202
	leftTip: 0 rightTip: 0
	Suspicious: 0
	Short ext: 0
	Mean extensions: 84
	Avg overlap len: 25514
	Min overlap len: 8741
	Inner reads: 0
	Length: 1832412
[2026-03-20 20:49:57] DEBUG: Inner: 68068 covered: 72816 total: 362996
[2026-03-20 20:49:57] DEBUG: Discarded disjointig with 293 reads and 281 inner overlaps
[2026-03-20 20:50:13] DEBUG: Discarded disjointig with 543 reads and 53 inner overlaps
[2026-03-20 20:50:13] DEBUG: Assembled disjointig 3
	With 489 reads
	Start read: +SRR25944771.6519
	At position: 181
	leftTip: 0 rightTip: 0
	Suspicious: 0
	Short ext: 0
	Mean extensions: 87
	Avg overlap len: 26204
	Min overlap len: 4230
	Inner reads: 0
	Length: 2744640
[2026-03-20 20:50:14] DEBUG: Inner: 123230 covered: 130738 total: 362996
[2026-03-20 20:50:20] DEBUG: Assembled disjointig 4
	With 327 reads
	Start read: +SRR25944771.208564
	At position: 190
	leftTip: 0 rightTip: 0
	Suspicious: 0
	Short ext: 0
	Mean extensions: 87
	Avg overlap len: 25654
	Min overlap len: 3712
	Inner reads: 0
	Length: 1892450
[2026-03-20 20:50:20] DEBUG: Inner: 161806 covered: 170704 total: 362996
[2026-03-20 20:50:21] DEBUG: Assembled disjointig 5
	With 271 reads
	Start read: +SRR25944771.107299
	At position: 198
	leftTip: 0 rightTip: 0
	Suspicious: 0
	Short ext: 0
	Mean extensions: 91
	Avg overlap len: 26122
	Min overlap len: 4108
	Inner reads: 0
	Length: 1517092
[2026-03-20 20:50:22] DEBUG: Inner: 193110 covered: 203216 total: 362996
[2026-03-20 20:50:34] DEBUG: Assembled disjointig 6
	With 332 reads
	Start read: +SRR25944771.249501
	At position: 329
	leftTip: 0 rightTip: 0
	Suspicious: 1
	Short ext: 1
	Mean extensions: 87
	Avg overlap len: 26224
	Min overlap len: 2472
	Inner reads: 0
	Length: 1995987
[2026-03-20 20:50:34] DEBUG: Inner: 231844 covered: 244056 total: 362996
[2026-03-20 20:50:34] DEBUG: Discarded disjointig with 225 reads and 223 inner overlaps
[2026-03-20 20:50:34] DEBUG: Discarded disjointig with 234 reads and 231 inner overlaps
[2026-03-20 20:50:35] DEBUG: Discarded disjointig with 119 reads and 114 inner overlaps
[2026-03-20 20:50:40] DEBUG: Assembled disjointig 7
	With 21 reads
	Start read: +SRR25944771.300790
	At position: 8
	leftTip: 0 rightTip: 0
	Suspicious: 0
	Short ext: 0
	Mean extensions: 99
	Avg overlap len: 18104
	Min overlap len: 7497
	Inner reads: 0
	Length: 136898
[2026-03-20 20:50:40] DEBUG: Inner: 232416 covered: 246202 total: 362996
[2026-03-20 20:50:41] DEBUG: Assembled disjointig 8
	With 11 reads
	Start read: +SRR25944771.95765
	At position: 4
	leftTip: 0 rightTip: 0
	Suspicious: 0
	Short ext: 0
	Mean extensions: 79
	Avg overlap len: 21274
	Min overlap len: 6736
	Inner reads: 0
	Length: 85841
[2026-03-20 20:50:41] DEBUG: Inner: 232598 covered: 246560 total: 362996
[2026-03-20 20:50:42] DEBUG: Assembled disjointig 9
	With 6 reads
	Start read: +SRR25944771.278047
	At position: 4
	leftTip: 0 rightTip: 0
	Suspicious: 0
	Short ext: 0
	Mean extensions: 74
	Avg overlap len: 15731
	Min overlap len: 8105
	Inner reads: 0
	Length: 58146
[2026-03-20 20:50:42] DEBUG: Inner: 232706 covered: 246852 total: 362996
[2026-03-20 20:50:45] DEBUG: Assembled disjointig 10
	With 8 reads
	Start read: +SRR25944771.171667
	At position: 5
	leftTip: 0 rightTip: 0
	Suspicious: 0
	Short ext: 0
	Mean extensions: 55
	Avg overlap len: 13294
	Min overlap len: 7882
	Inner reads: 0
	Length: 55244
[2026-03-20 20:50:45] DEBUG: Inner: 232864 covered: 248126 total: 362996
[2026-03-20 20:50:48] DEBUG: Assembled disjointig 11
	With 6 reads
	Start read: +SRR25944771.137189
	At position: 5
	leftTip: 0 rightTip: 0
	Suspicious: 3
	Short ext: 0
	Mean extensions: 23
	Avg overlap len: 3500
	Min overlap len: 3066
	Inner reads: 0
	Length: 37017
[2026-03-20 20:50:48] DEBUG: Inner: 232882 covered: 248996 total: 362996
[2026-03-20 20:50:49] DEBUG: Assembled disjointig 12
	With 3 reads
	Start read: +SRR25944771.152408
	At position: 2
	leftTip: 0 rightTip: 0
	Suspicious: 2
	Short ext: 2
	Mean extensions: 97
	Avg overlap len: 2885
	Min overlap len: 2853
	Inner reads: 0
	Length: 12920
[2026-03-20 20:50:49] DEBUG: Inner: 232886 covered: 249336 total: 362996
[2026-03-20 20:50:49] DEBUG: Assembled disjointig 13
	With 3 reads
	Start read: +SRR25944771.205045
	At position: 2
	leftTip: 0 rightTip: 0
	Suspicious: 0
	Short ext: 0
	Mean extensions: 76
	Avg overlap len: 3676
	Min overlap len: 3023
	Inner reads: 0
	Length: 24014
[2026-03-20 20:50:49] DEBUG: Inner: 232918 covered: 249430 total: 362996
[2026-03-20 20:50:52] DEBUG: Assembled disjointig 14
	With 11 reads
	Start read: +SRR25944771.292226
	At position: 9
	leftTip: 1 rightTip: 1
	Suspicious: 10
	Short ext: 8
	Mean extensions: 22
	Avg overlap len: 2171
	Min overlap len: 1160
	Inner reads: 0
	Length: 60759
[2026-03-20 20:50:52] DEBUG: Inner: 233066 covered: 249986 total: 362996
[2026-03-20 20:50:52] DEBUG: Discarded disjointig with 8 reads and 6 inner overlaps
[2026-03-20 20:50:53] DEBUG: Assembled disjointig 15
	With 7 reads
	Start read: +SRR25944771.55595
	At position: 4
	leftTip: 0 rightTip: 0
	Suspicious: 0
	Short ext: 0
	Mean extensions: 89
	Avg overlap len: 23483
	Min overlap len: 4044
	Inner reads: 0
	Length: 73359
[2026-03-20 20:50:53] DEBUG: Inner: 233204 covered: 250342 total: 362996
[2026-03-20 20:50:57] DEBUG: Assembled disjointig 16
	With 11 reads
	Start read: +SRR25944771.125885
	At position: 7
	leftTip: 0 rightTip: 0
	Suspicious: 0
	Short ext: 0
	Mean extensions: 70
	Avg overlap len: 19280
	Min overlap len: 12854
	Inner reads: 0
	Length: 66680
[2026-03-20 20:50:57] DEBUG: Inner: 233398 covered: 251854 total: 362996
[2026-03-20 20:51:05] DEBUG: Assembled disjointig 17
	With 3 reads
	Start read: +SRR25944771.250888
	At position: 2
	leftTip: 1 rightTip: 0
	Suspicious: 1
	Short ext: 0
	Mean extensions: 85
	Avg overlap len: 3601
	Min overlap len: 3184
	Inner reads: 0
	Length: 15510
[2026-03-20 20:51:05] DEBUG: Inner: 233428 covered: 254868 total: 362996
[2026-03-20 20:51:05] DEBUG: Assembled disjointig 18
	With 5 reads
	Start read: +SRR25944771.276034
	At position: 2
	leftTip: 1 rightTip: 0
	Suspicious: 3
	Short ext: 2
	Mean extensions: 33
	Avg overlap len: 3409
	Min overlap len: 1056
	Inner reads: 0
	Length: 38945
[2026-03-20 20:51:05] DEBUG: Inner: 233440 covered: 255028 total: 362996
[2026-03-20 20:51:10] DEBUG: Assembled disjointig 19
	With 5 reads
	Start read: +SRR25944771.276382
	At position: 3
	leftTip: 1 rightTip: 0
	Suspicious: 4
	Short ext: 4
	Mean extensions: 8
	Avg overlap len: 1866
	Min overlap len: 1250
	Inner reads: 0
	Length: 14082
[2026-03-20 20:51:10] DEBUG: Inner: 233450 covered: 257078 total: 362996
[2026-03-20 20:51:13] DEBUG: Assembled disjointig 20
	With 9 reads
	Start read: +SRR25944771.143527
	At position: 8
	leftTip: 0 rightTip: 0
	Suspicious: 0
	Short ext: 0
	Mean extensions: 93
	Avg overlap len: 23342
	Min overlap len: 3849
	Inner reads: 0
	Length: 40586
[2026-03-20 20:51:13] DEBUG: Inner: 233624 covered: 258054 total: 362996
[2026-03-20 20:51:21] DEBUG: Assembled disjointig 21
	With 5 reads
	Start read: +SRR25944771.59398
	At position: 3
	leftTip: 0 rightTip: 0
	Suspicious: 0
	Short ext: 0
	Mean extensions: 111
	Avg overlap len: 10118
	Min overlap len: 3075
	Inner reads: 0
	Length: 46253
[2026-03-20 20:51:21] DEBUG: Inner: 233702 covered: 261822 total: 362996
[2026-03-20 20:51:27] DEBUG: Assembled disjointig 22
	With 4 reads
	Start read: +SRR25944771.272250
	At position: 2
	leftTip: 1 rightTip: 0
	Suspicious: 2
	Short ext: 0
	Mean extensions: 43
	Avg overlap len: 3532
	Min overlap len: 3247
	Inner reads: 0
	Length: 27003
[2026-03-20 20:51:27] DEBUG: Inner: 233726 covered: 264224 total: 362996
[2026-03-20 20:51:37] DEBUG: Assembled disjointig 23
	With 3 reads
	Start read: +SRR25944771.231536
	At position: 2
	leftTip: 0 rightTip: 0
	Suspicious: 1
	Short ext: 1
	Mean extensions: 37
	Avg overlap len: 3231
	Min overlap len: 1732
	Inner reads: 0
	Length: 10153
[2026-03-20 20:51:37] DEBUG: Inner: 233732 covered: 268632 total: 362996
[2026-03-20 20:51:51] DEBUG: Assembled disjointig 24
	With 3 reads
	Start read: +SRR25944771.99354
	At position: 2
	leftTip: 0 rightTip: 1
	Suspicious: 2
	Short ext: 2
	Mean extensions: 46
	Avg overlap len: 2723
	Min overlap len: 2148
	Inner reads: 0
	Length: 23647
[2026-03-20 20:51:51] DEBUG: Inner: 233756 covered: 275002 total: 362996
[2026-03-20 20:51:51] DEBUG: Assembled disjointig 25
	With 4 reads
	Start read: +SRR25944771.78007
	At position: 2
	leftTip: 1 rightTip: 0
	Suspicious: 3
	Short ext: 2
	Mean extensions: 61
	Avg overlap len: 2348
	Min overlap len: 1885
	Inner reads: 0
	Length: 37678
[2026-03-20 20:51:51] DEBUG: Inner: 233762 covered: 275044 total: 362996
[2026-03-20 20:52:09] DEBUG: Assembled disjointig 26
	With 7 reads
	Start read: +SRR25944771.109073
	At position: 4
	leftTip: 0 rightTip: 0
	Suspicious: 4
	Short ext: 0
	Mean extensions: 31
	Avg overlap len: 7492
	Min overlap len: 3419
	Inner reads: 0
	Length: 64321
[2026-03-20 20:52:09] DEBUG: Inner: 233874 covered: 280190 total: 362996
[2026-03-20 20:52:18] DEBUG: Assembled disjointig 27
	With 4 reads
	Start read: +SRR25944771.291416
	At position: 2
	leftTip: 0 rightTip: 0
	Suspicious: 0
	Short ext: 0
	Mean extensions: 48
	Avg overlap len: 4518
	Min overlap len: 3736
	Inner reads: 0
	Length: 27845
[2026-03-20 20:52:18] DEBUG: Inner: 233958 covered: 283382 total: 362996
[2026-03-20 20:52:34] DEBUG: Assembled disjointig 28
	With 6 reads
	Start read: +SRR25944771.77713
	At position: 2
	leftTip: 0 rightTip: 0
	Suspicious: 0
	Short ext: 0
	Mean extensions: 72
	Avg overlap len: 15258
	Min overlap len: 3156
	Inner reads: 0
	Length: 38534
[2026-03-20 20:52:34] DEBUG: Inner: 234018 covered: 288548 total: 362996
[2026-03-20 20:52:38] DEBUG: Assembled disjointig 29
	With 5 reads
	Start read: +SRR25944771.141950
	At position: 3
	leftTip: 0 rightTip: 0
	Suspicious: 1
	Short ext: 0
	Mean extensions: 66
	Avg overlap len: 5847
	Min overlap len: 3530
	Inner reads: 0
	Length: 34034
[2026-03-20 20:52:38] DEBUG: Inner: 234080 covered: 289780 total: 362996
[2026-03-20 20:53:08] DEBUG: Assembled disjointig 30
	With 4 reads
	Start read: +SRR25944771.294122
	At position: 3
	leftTip: 1 rightTip: 0
	Suspicious: 3
	Short ext: 2
	Mean extensions: 40
	Avg overlap len: 2201
	Min overlap len: 1915
	Inner reads: 0
	Length: 46918
[2026-03-20 20:53:08] DEBUG: Inner: 234086 covered: 299516 total: 362996
[2026-03-20 20:53:09] DEBUG: Assembled disjointig 31
	With 3 reads
	Start read: +SRR25944771.205545
	At position: 2
	leftTip: 1 rightTip: 0
	Suspicious: 1
	Short ext: 1
	Mean extensions: 40
	Avg overlap len: 3079
	Min overlap len: 2314
	Inner reads: 0
	Length: 16483
[2026-03-20 20:53:09] DEBUG: Inner: 234100 covered: 299692 total: 362996
[2026-03-20 20:53:24] DEBUG: Assembled disjointig 32
	With 4 reads
	Start read: +SRR25944771.282691
	At position: 2
	leftTip: 0 rightTip: 0
	Suspicious: 2
	Short ext: 2
	Mean extensions: 46
	Avg overlap len: 2852
	Min overlap len: 2528
	Inner reads: 0
	Length: 28703
[2026-03-20 20:53:24] DEBUG: Inner: 234110 covered: 304402 total: 362996
[2026-03-20 20:53:30] DEBUG: Assembled disjointig 33
	With 5 reads
	Start read: +SRR25944771.58420
	At position: 3
	leftTip: 0 rightTip: 0
	Suspicious: 0
	Short ext: 0
	Mean extensions: 81
	Avg overlap len: 13208
	Min overlap len: 3915
	Inner reads: 0
	Length: 37717
[2026-03-20 20:53:30] DEBUG: Inner: 234194 covered: 306074 total: 362996
[2026-03-20 20:53:40] DEBUG: Assembled disjointig 34
	With 4 reads
	Start read: +SRR25944771.161029
	At position: 2
	leftTip: 0 rightTip: 0
	Suspicious: 3
	Short ext: 0
	Mean extensions: 27
	Avg overlap len: 6842
	Min overlap len: 4171
	Inner reads: 0
	Length: 28225
[2026-03-20 20:53:40] DEBUG: Inner: 234206 covered: 309150 total: 362996
