Building DAG of jobs...
Using shell: /usr/bin/bash
Provided cores: 8
Rules claiming more threads will be scaled down.
Job stats:
job              count
-------------  -------
all                  1
flye_assembly        1
total                2

Select jobs to execute...

[Sun Apr 12 22:43:26 2026]
rule flye_assembly:
    input: ../raw_data/SRR25944771.fastq
    output: results/flye_assembly/assembly.fasta
    jobid: 1
    reason: Missing output files: results/flye_assembly/assembly.fasta
    threads: 4
    resources: tmpdir=/tmp

[Mon Apr 13 00:18:01 2026]
Finished job 1.
1 of 2 steps (50%) done
Select jobs to execute...

[Mon Apr 13 00:18:01 2026]
localrule all:
    input: results/flye_assembly/assembly.fasta
    jobid: 0
    reason: Input files updated by another job: results/flye_assembly/assembly.fasta
    resources: tmpdir=/tmp

[Mon Apr 13 00:18:01 2026]
Finished job 0.
2 of 2 steps (100%) done
Complete log: .snakemake/log/2026-04-12T224323.022118.snakemake.log
