Building DAG of jobs...
Using shell: /usr/bin/bash
Provided cores: 4
Rules claiming more threads will be scaled down.
Job stats:
job      count
-----  -------
all          1
flye         1
total        2

Select jobs to execute...

[Fri Mar 20 14:26:51 2026]
rule flye:
    input: /home/ecil/MyGenome-Giardiabeaver/raw_data/SRR25944771.fastq
    output: results/assembly/assembly.fasta
    jobid: 1
    reason: Missing output files: results/assembly/assembly.fasta
    resources: tmpdir=/tmp

[Fri Mar 20 14:26:52 2026]
Error in rule flye:
    jobid: 1
    input: /home/ecil/MyGenome-Giardiabeaver/raw_data/SRR25944771.fastq
    output: results/assembly/assembly.fasta
    shell:
        
        # Klasörü temizle ve oluştur
        mkdir -p results/assembly/flye_out
        
        # Flye komutunu doğrudan çalıştır
        flye --nano-hq /home/ecil/MyGenome-Giardiabeaver/raw_data/SRR25944771.fastq              --genome-size 12m              --threads 1              --out-dir results/assembly/flye_out              --min-ovlp 10000              --m 10000              --no-asm-iter
    

        # Ana çıktıyı hedef konuma kopyala
        cp results/assembly/flye_out/assembly.fasta results/assembly/assembly.fasta
        
        (one of the commands exited with non-zero exit code; note that snakemake uses bash strict mode!)

Shutting down, this might take some time.
Exiting because a job execution failed. Look above for error message
Complete log: .snakemake/log/2026-03-20T142648.103401.snakemake.log
